<?xml version="1.0" encoding="UTF-8"?>
<!-- Generated by org.testng.reporters.JUnitReportReporter -->
<testsuite hostname="GN2LADTPG02A8X7" failures="0" tests="2" name="Booking.BookHoliday" time="0.008" errors="0" timestamp="2021-09-13T00:06:14 IST" skipped="0">
  <testcase classname="Booking.BookHoliday" name="Booking_RoundTrp_Testcase1" time="0.007"/>
  <system-out/>
  <testcase classname="Booking.BookHoliday" name="Booking_RoundTrp_Testcase3" time="0.001"/>
  <system-out/>
</testsuite> <!-- Booking.BookHoliday -->
