<?xml version="1.0" encoding="UTF-8"?>
<!-- Generated by org.testng.reporters.JUnitReportReporter -->
<testsuite hostname="GN2LADTPG02A8X7" failures="0" tests="2" name="Booking.BookaHotel" time="0.002" errors="0" timestamp="2021-09-12T23:28:38 IST" skipped="0">
  <testcase classname="Booking.BookaHotel" name="Booking_RoundTrp_Testcase1" time="0.001"/>
  <system-out/>
  <testcase classname="Booking.BookaHotel" name="Booking_RoundTrp_Testcase2" time="0.001"/>
  <system-out/>
</testsuite> <!-- Booking.BookaHotel -->
