<?xml version="1.0" encoding="UTF-8"?>
<!-- Generated by org.testng.reporters.JUnitReportReporter -->
<testsuite hostname="GN2LADTPG02A8X7" failures="0" tests="2" name="Booking.BookaFlight" time="0.008" errors="0" timestamp="2021-09-12T23:47:43 IST" skipped="1">
  <testcase classname="Booking.BookaFlight" name="Booking_RoundTrp_Testcase1" time="0.008"/>
  <system-out/>
  <testcase classname="Booking.BookaFlight" name="Booking_Oneway_Testcas5">
    <skipped/>
  </testcase> <!-- Booking_Oneway_Testcas5 -->
  <system-out/>
</testsuite> <!-- Booking.BookaFlight -->
